#
# A fatal error has been detected by the Java Runtime Environment:
#
#  EXCEPTION_ACCESS_VIOLATION (0xc0000005) at pc=0x000000006e52f913, pid=10800, tid=0x0000000000003e04
#
# JRE version: Java(TM) SE Runtime Environment (8.0_191-b12) (build 1.8.0_191-b12)
# Java VM: Java HotSpot(TM) 64-Bit Server VM (25.191-b12 mixed mode windows-amd64 compressed oops)
# Problematic frame:
# V  [jvm.dll+0xff913]
#
# Failed to write core dump. Minidumps are not enabled by default on client versions of Windows
#
# If you would like to submit a bug report, please visit:
#   http://bugreport.java.com/bugreport/crash.jsp
#

---------------  T H R E A D  ---------------

Current thread (0x0000000017f87000):  VMThread [stack: 0x0000000019010000,0x0000000019110000] [id=15876]

siginfo: ExceptionCode=0xc0000005, reading address 0x0000000071c4f3d2

Registers:
RAX=0x00000000000000f0, RBX=0x000000001910f3f0, RCX=0x0000000017f87448, RDX=0x0000000000000007
RSP=0x000000001910f380, RBP=0x000000002200650a, RSI=0x0000000003020302, RDI=0x00000000000000f0
R8 =0x0000000003215480, R9 =0x0000000000000008, R10=0x0000000000000008, R11=0x000000002200650a
R12=0x000000006e430000, R13=0x0000000017e958d8, R14=0x000000001910f480, R15=0x0000000000000003
RIP=0x000000006e52f913, EFLAGS=0x0000000000010212

Top of Stack: (sp=0x000000001910f380)
0x000000001910f380:   000000001910f3f0 000000001910f3e9
0x000000001910f390:   000000001910f598 00000000030e22a0
0x000000001910f3a0:   0000000022006550 000000006e52fd00
0x000000001910f3b0:   000000001910f3e9 0000000000000000
0x000000001910f3c0:   0000000003215480 000000001910f598
0x000000001910f3d0:   0000000022006550 0000000017f87000
0x000000001910f3e0:   0000000022006550 0000000017f87000
0x000000001910f3f0:   0000000022006550 0000000017f87000
0x000000001910f400:   0000000200000002 000000000000000a
0x000000001910f410:   0000000000000000 0000000000000000
0x000000001910f420:   0000000017e958d8 0000000000000000
0x000000001910f430:   0000000017e95550 00000000000003d8
0x000000001910f440:   0000000017f87000 000000006e533c66
0x000000001910f450:   000000001910f580 0000000017e954f0
0x000000001910f460:   0000000017e954f0 00007ffeaa589880
0x000000001910f470:   0000457248ebfd00 00007ffeaa589880 

Instructions: (pc=0x000000006e52f913)
0x000000006e52f8f3:   0d 48 8b 0b 48 8b d0 e8 51 2e fb ff 8b f8 4c 8d
0x000000006e52f903:   25 f8 06 f0 ff 48 63 c7 49 63 b4 84 20 ed 7f 00
0x000000006e52f913:   42 0f b6 8c 26 d0 f0 7f 00 83 e1 0f 75 3d 44 0f
0x000000006e52f923:   b6 4d 00 41 81 f9 ca 00 00 00 75 0e 48 8b 0b 48 


Register to memory mapping:

RAX=0x00000000000000f0 is an unknown value
RBX=0x000000001910f3f0 is an unknown value
RCX=0x0000000017f87448 is an unknown value
RDX=0x0000000000000007 is an unknown value
RSP=0x000000001910f380 is an unknown value
RBP=0x000000002200650a is pointing into metadata
RSI=0x0000000003020302 is an unknown value
RDI=0x00000000000000f0 is an unknown value
R8 =0x0000000003215480 is an unknown value
R9 =0x0000000000000008 is an unknown value
R10=0x0000000000000008 is an unknown value
R11=0x000000002200650a is pointing into metadata
R12=0x000000006e430000 is an unknown value
R13=0x0000000017e958d8 is an unknown value
R14=0x000000001910f480 is an unknown value
R15=0x0000000000000003 is an unknown value


Stack: [0x0000000019010000,0x0000000019110000],  sp=0x000000001910f380,  free space=1020k
Native frames: (J=compiled Java code, j=interpreted, Vv=VM code, C=native code)
V  [jvm.dll+0xff913]
V  [jvm.dll+0xffd00]
V  [jvm.dll+0x103c66]
V  [jvm.dll+0xc525e]
V  [jvm.dll+0xc58e8]
V  [jvm.dll+0xc5ec9]
V  [jvm.dll+0x10fbba]
V  [jvm.dll+0x12d43f]
V  [jvm.dll+0x1bf3cf]
V  [jvm.dll+0x24d0c7]
V  [jvm.dll+0x24c366]
V  [jvm.dll+0x24c801]
V  [jvm.dll+0x24ca1e]
V  [jvm.dll+0x29eb9a]
C  [msvcr100.dll+0x21d9f]
C  [msvcr100.dll+0x21e3b]
C  [KERNEL32.DLL+0x17974]
C  [ntdll.dll+0x6a271]

VM_Operation (0x0000000019a6f6f0): GetOrSetLocal, mode: safepoint, requested by thread 0x0000000017fda000


---------------  P R O C E S S  ---------------

Java Threads: ( => current thread )
  0x000000001f511000 JavaThread "RMI TCP Connection(idle)" daemon [_thread_blocked, id=11816, stack(0x0000000021d70000,0x0000000021e70000)]
  0x000000001f514000 JavaThread "DestroyJavaVM" [_thread_blocked, id=4964, stack(0x00000000030f0000,0x00000000031f0000)]
  0x000000001f517000 JavaThread "http-nio-8081-Acceptor" daemon [_thread_in_native, id=12580, stack(0x0000000021970000,0x0000000021a70000)]
  0x000000001f515000 JavaThread "http-nio-8081-ClientPoller" daemon [_thread_in_native, id=22388, stack(0x0000000021870000,0x0000000021970000)]
  0x000000001f508800 JavaThread "http-nio-8081-exec-10" daemon [_thread_blocked, id=22064, stack(0x0000000021770000,0x0000000021870000)]
  0x000000001f50f800 JavaThread "http-nio-8081-exec-9" daemon [_thread_blocked, id=344, stack(0x0000000021670000,0x0000000021770000)]
  0x000000001f508000 JavaThread "http-nio-8081-exec-8" daemon [_thread_blocked, id=16868, stack(0x0000000021570000,0x0000000021670000)]
  0x000000001f50b000 JavaThread "http-nio-8081-exec-7" daemon [_thread_blocked, id=21644, stack(0x0000000021470000,0x0000000021570000)]
  0x000000001f50e000 JavaThread "http-nio-8081-exec-6" daemon [_thread_blocked, id=20388, stack(0x0000000021370000,0x0000000021470000)]
  0x000000001f50c800 JavaThread "http-nio-8081-exec-5" daemon [_thread_blocked, id=18984, stack(0x0000000021270000,0x0000000021370000)]
  0x000000001f50d800 JavaThread "http-nio-8081-exec-4" daemon [_thread_blocked, id=19536, stack(0x0000000021170000,0x0000000021270000)]
  0x000000001f50a000 JavaThread "http-nio-8081-exec-3" daemon [_thread_blocked, id=18608, stack(0x0000000021070000,0x0000000021170000)]
  0x000000001f50f000 JavaThread "http-nio-8081-exec-2" daemon [_thread_blocked, id=9248, stack(0x0000000020f70000,0x0000000021070000)]
  0x000000001f50b800 JavaThread "http-nio-8081-exec-1" daemon [_thread_blocked, id=16896, stack(0x0000000020e70000,0x0000000020f70000)]
  0x000000001f509800 JavaThread "http-nio-8081-BlockPoller" daemon [_thread_in_native, id=9728, stack(0x0000000020d70000,0x0000000020e70000)]
  0x0000000019e6d000 JavaThread "HikariPool-1 housekeeper" daemon [_thread_blocked, id=4792, stack(0x000000001fc70000,0x000000001fd70000)]
  0x0000000019e70000 JavaThread "mysql-cj-abandoned-connection-cleanup" daemon [_thread_blocked, id=6104, stack(0x000000001e1a0000,0x000000001e2a0000)]
  0x0000000019caf000 JavaThread "container-0" [_thread_blocked, id=10928, stack(0x000000001dea0000,0x000000001dfa0000)]
  0x000000001a583000 JavaThread "Catalina-utility-2" [_thread_blocked, id=18120, stack(0x000000001dda0000,0x000000001dea0000)]
  0x0000000019ca0800 JavaThread "Catalina-utility-1" [_thread_blocked, id=22172, stack(0x000000001dca0000,0x000000001dda0000)]
  0x000000001a733000 JavaThread "JMX server connection timeout 20" daemon [_thread_blocked, id=19788, stack(0x000000001b8d0000,0x000000001b9d0000)]
  0x000000001a6ff000 JavaThread "RMI Scheduler(0)" daemon [_thread_blocked, id=20176, stack(0x000000001b6d0000,0x000000001b7d0000)]
  0x000000001a410000 JavaThread "RMI TCP Accept-0" daemon [_thread_in_native, id=11284, stack(0x000000001b070000,0x000000001b170000)]
  0x000000001a3a9800 JavaThread "RMI TCP Accept-57733" daemon [_thread_in_native, id=21820, stack(0x000000001ad70000,0x000000001ae70000)]
  0x000000001a3a1000 JavaThread "RMI TCP Accept-0" daemon [_thread_in_native, id=756, stack(0x000000001ac70000,0x000000001ad70000)]
  0x000000001a0c6800 JavaThread "Service Thread" daemon [_thread_blocked, id=19412, stack(0x000000001ab70000,0x000000001ac70000)]
  0x000000001a01d800 JavaThread "C1 CompilerThread2" daemon [_thread_blocked, id=19544, stack(0x000000001aa70000,0x000000001ab70000)]
  0x000000001a01c800 JavaThread "C2 CompilerThread1" daemon [_thread_blocked, id=21944, stack(0x000000001a970000,0x000000001aa70000)]
  0x000000001a0cb000 JavaThread "C2 CompilerThread0" daemon [_thread_blocked, id=21188, stack(0x000000001a870000,0x000000001a970000)]
  0x0000000017fe9800 JavaThread "JDWP Command Reader" daemon [_thread_in_native, id=18444, stack(0x0000000019b70000,0x0000000019c70000)]
  0x0000000017fe6800 JavaThread "JDWP Event Helper Thread" daemon [_thread_blocked, id=20316, stack(0x0000000019a70000,0x0000000019b70000)]
  0x0000000017fda000 JavaThread "JDWP Transport Listener: dt_socket" daemon [_thread_blocked, id=1608, stack(0x0000000019970000,0x0000000019a70000)]
  0x0000000017fd1000 JavaThread "Attach Listener" daemon [_thread_blocked, id=7056, stack(0x0000000019530000,0x0000000019630000)]
  0x0000000017fd0000 JavaThread "Signal Dispatcher" daemon [_thread_blocked, id=18500, stack(0x0000000019430000,0x0000000019530000)]
  0x00000000032ea800 JavaThread "Finalizer" daemon [_thread_blocked, id=14332, stack(0x0000000019210000,0x0000000019310000)]
  0x0000000017faa000 JavaThread "Reference Handler" daemon [_thread_blocked, id=21460, stack(0x0000000019110000,0x0000000019210000)]

Other Threads:
=>0x0000000017f87000 VMThread [stack: 0x0000000019010000,0x0000000019110000] [id=15876]
  0x000000001a40a000 WatcherThread [stack: 0x000000001b170000,0x000000001b270000] [id=14392]

VM state:at safepoint (normal execution)

VM Mutex/Monitor currently owned by a thread:  ([mutex/lock_event])
[0x00000000031f5650] Threads_lock - owner thread: 0x0000000017f87000

Heap:
 PSYoungGen      total 254464K, used 205244K [0x00000000d5f80000, 0x00000000e7680000, 0x0000000100000000)
  eden space 236544K, 86% used [0x00000000d5f80000,0x00000000e27ef120,0x00000000e4680000)
  from space 17920K, 0% used [0x00000000e5880000,0x00000000e5880000,0x00000000e6a00000)
  to   space 18432K, 0% used [0x00000000e4680000,0x00000000e4680000,0x00000000e5880000)
 ParOldGen       total 130560K, used 24658K [0x0000000081e00000, 0x0000000089d80000, 0x00000000d5f80000)
  object space 130560K, 18% used [0x0000000081e00000,0x0000000083614910,0x0000000089d80000)
 Metaspace       used 62741K, capacity 66184K, committed 66432K, reserved 1105920K
  class space    used 8636K, capacity 9219K, committed 9344K, reserved 1048576K

Card table byte_map: [0x0000000012860000,0x0000000012c60000] byte_map_base: 0x0000000012451000

Marking Bits: (ParMarkBitMap*) 0x000000006ec53e30
 Begin Bits: [0x0000000013310000, 0x0000000015298000)
 End Bits:   [0x0000000015298000, 0x0000000017220000)

Polling page: 0x0000000003030000

CodeCache: size=245760Kb used=12513Kb max_used=12521Kb free=233246Kb
 bounds [0x00000000034a0000, 0x00000000040e0000, 0x00000000124a0000]
 total_blobs=6864 nmethods=6265 adapters=518
 compilation: enabled

Compilation events (10 events):
Event: 141.443 Thread 0x000000001a01d800 6344       1       java.nio.channels.spi.AbstractSelector::end (5 bytes)
Event: 141.444 Thread 0x000000001a01d800 nmethod 6344 0x00000000040da850 code [0x00000000040da9c0, 0x00000000040dacf0]
Event: 141.444 Thread 0x000000001a01d800 6345       1       sun.nio.ch.WindowsSelectorImpl$FinishLock::access$700 (5 bytes)
Event: 141.444 Thread 0x000000001a01d800 nmethod 6345 0x00000000040daf10 code [0x00000000040db060, 0x00000000040db188]
Event: 141.991 Thread 0x000000001a01d800 6346       1       org.apache.coyote.AbstractProtocol::access$000 (5 bytes)
Event: 141.991 Thread 0x000000001a01d800 nmethod 6346 0x00000000040db210 code [0x00000000040db360, 0x00000000040db450]
Event: 144.444 Thread 0x000000001a01d800 6347       1       java.nio.channels.SelectionKey::attachment (5 bytes)
Event: 144.445 Thread 0x000000001a01d800 nmethod 6347 0x00000000040db4d0 code [0x00000000040db620, 0x00000000040db730]
Event: 157.249 Thread 0x000000001a01d800 6348       1       org.apache.catalina.valves.ValveBase::getNext (5 bytes)
Event: 157.249 Thread 0x000000001a01d800 nmethod 6348 0x00000000040db790 code [0x00000000040db8e0, 0x00000000040db9f0]

GC Heap History (10 events):
Event: 7.071 GC heap before
{Heap before GC invocations=11 (full 2):
 PSYoungGen      total 165376K, used 9745K [0x00000000d5f80000, 0x00000000e3d00000, 0x0000000100000000)
  eden space 153088K, 0% used [0x00000000d5f80000,0x00000000d5f80000,0x00000000df500000)
  from space 12288K, 79% used [0x00000000df500000,0x00000000dfe847e8,0x00000000e0100000)
  to   space 13312K, 0% used [0x00000000e3000000,0x00000000e3000000,0x00000000e3d00000)
 ParOldGen       total 56320K, used 9255K [0x0000000081e00000, 0x0000000085500000, 0x00000000d5f80000)
  object space 56320K, 16% used [0x0000000081e00000,0x0000000082709f80,0x0000000085500000)
 Metaspace       used 33402K, capacity 35280K, committed 35456K, reserved 1079296K
  class space    used 4508K, capacity 4870K, committed 4992K, reserved 1048576K
Event: 7.176 GC heap after
Heap after GC invocations=11 (full 2):
 PSYoungGen      total 165376K, used 0K [0x00000000d5f80000, 0x00000000e3d00000, 0x0000000100000000)
  eden space 153088K, 0% used [0x00000000d5f80000,0x00000000d5f80000,0x00000000df500000)
  from space 12288K, 0% used [0x00000000df500000,0x00000000df500000,0x00000000e0100000)
  to   space 13312K, 0% used [0x00000000e3000000,0x00000000e3000000,0x00000000e3d00000)
 ParOldGen       total 91136K, used 14155K [0x0000000081e00000, 0x0000000087700000, 0x00000000d5f80000)
  object space 91136K, 15% used [0x0000000081e00000,0x0000000082bd2c98,0x0000000087700000)
 Metaspace       used 33402K, capacity 35280K, committed 35456K, reserved 1079296K
  class space    used 4508K, capacity 4870K, committed 4992K, reserved 1048576K
}
Event: 9.012 GC heap before
{Heap before GC invocations=12 (full 2):
 PSYoungGen      total 165376K, used 153088K [0x00000000d5f80000, 0x00000000e3d00000, 0x0000000100000000)
  eden space 153088K, 100% used [0x00000000d5f80000,0x00000000df500000,0x00000000df500000)
  from space 12288K, 0% used [0x00000000df500000,0x00000000df500000,0x00000000e0100000)
  to   space 13312K, 0% used [0x00000000e3000000,0x00000000e3000000,0x00000000e3d00000)
 ParOldGen       total 91136K, used 14155K [0x0000000081e00000, 0x0000000087700000, 0x00000000d5f80000)
  object space 91136K, 15% used [0x0000000081e00000,0x0000000082bd2c98,0x0000000087700000)
 Metaspace       used 42710K, capacity 44882K, committed 45184K, reserved 1087488K
  class space    used 5815K, capacity 6211K, committed 6272K, reserved 1048576K
Event: 9.032 GC heap after
Heap after GC invocations=12 (full 2):
 PSYoungGen      total 204800K, used 12865K [0x00000000d5f80000, 0x00000000e3d00000, 0x0000000100000000)
  eden space 191488K, 0% used [0x00000000d5f80000,0x00000000d5f80000,0x00000000e1a80000)
  from space 13312K, 96% used [0x00000000e3000000,0x00000000e3c90430,0x00000000e3d00000)
  to   space 14848K, 0% used [0x00000000e2000000,0x00000000e2000000,0x00000000e2e80000)
 ParOldGen       total 91136K, used 14163K [0x0000000081e00000, 0x0000000087700000, 0x00000000d5f80000)
  object space 91136K, 15% used [0x0000000081e00000,0x0000000082bd4c98,0x0000000087700000)
 Metaspace       used 42710K, capacity 44882K, committed 45184K, reserved 1087488K
  class space    used 5815K, capacity 6211K, committed 6272K, reserved 1048576K
}
Event: 12.116 GC heap before
{Heap before GC invocations=13 (full 2):
 PSYoungGen      total 204800K, used 204353K [0x00000000d5f80000, 0x00000000e3d00000, 0x0000000100000000)
  eden space 191488K, 100% used [0x00000000d5f80000,0x00000000e1a80000,0x00000000e1a80000)
  from space 13312K, 96% used [0x00000000e3000000,0x00000000e3c90430,0x00000000e3d00000)
  to   space 14848K, 0% used [0x00000000e2000000,0x00000000e2000000,0x00000000e2e80000)
 ParOldGen       total 91136K, used 14163K [0x0000000081e00000, 0x0000000087700000, 0x00000000d5f80000)
  object space 91136K, 15% used [0x0000000081e00000,0x0000000082bd4c98,0x0000000087700000)
 Metaspace       used 53862K, capacity 56168K, committed 56320K, reserved 1097728K
  class space    used 7411K, capacity 7858K, committed 7936K, reserved 1048576K
Event: 12.151 GC heap after
Heap after GC invocations=13 (full 2):
 PSYoungGen      total 211968K, used 14842K [0x00000000d5f80000, 0x00000000e6a00000, 0x0000000100000000)
  eden space 197120K, 0% used [0x00000000d5f80000,0x00000000d5f80000,0x00000000e2000000)
  from space 14848K, 99% used [0x00000000e2000000,0x00000000e2e7e8b0,0x00000000e2e80000)
  to   space 17920K, 0% used [0x00000000e5880000,0x00000000e5880000,0x00000000e6a00000)
 ParOldGen       total 91136K, used 17512K [0x0000000081e00000, 0x0000000087700000, 0x00000000d5f80000)
  object space 91136K, 19% used [0x0000000081e00000,0x0000000082f1a3b0,0x0000000087700000)
 Metaspace       used 53862K, capacity 56168K, committed 56320K, reserved 1097728K
  class space    used 7411K, capacity 7858K, committed 7936K, reserved 1048576K
}
Event: 12.816 GC heap before
{Heap before GC invocations=14 (full 2):
 PSYoungGen      total 211968K, used 65026K [0x00000000d5f80000, 0x00000000e6a00000, 0x0000000100000000)
  eden space 197120K, 25% used [0x00000000d5f80000,0x00000000d90821c0,0x00000000e2000000)
  from space 14848K, 99% used [0x00000000e2000000,0x00000000e2e7e8b0,0x00000000e2e80000)
  to   space 17920K, 0% used [0x00000000e5880000,0x00000000e5880000,0x00000000e6a00000)
 ParOldGen       total 91136K, used 17512K [0x0000000081e00000, 0x0000000087700000, 0x00000000d5f80000)
  object space 91136K, 19% used [0x0000000081e00000,0x0000000082f1a3b0,0x0000000087700000)
 Metaspace       used 56118K, capacity 59052K, committed 59096K, reserved 1099776K
  class space    used 7754K, capacity 8302K, committed 8320K, reserved 1048576K
Event: 12.835 GC heap after
Heap after GC invocations=14 (full 2):
 PSYoungGen      total 254464K, used 12365K [0x00000000d5f80000, 0x00000000e7680000, 0x0000000100000000)
  eden space 236544K, 0% used [0x00000000d5f80000,0x00000000d5f80000,0x00000000e4680000)
  from space 17920K, 69% used [0x00000000e5880000,0x00000000e64934d8,0x00000000e6a00000)
  to   space 18432K, 0% used [0x00000000e4680000,0x00000000e4680000,0x00000000e5880000)
 ParOldGen       total 91136K, used 17520K [0x0000000081e00000, 0x0000000087700000, 0x00000000d5f80000)
  object space 91136K, 19% used [0x0000000081e00000,0x0000000082f1c3b0,0x0000000087700000)
 Metaspace       used 56118K, capacity 59052K, committed 59096K, reserved 1099776K
  class space    used 7754K, capacity 8302K, committed 8320K, reserved 1048576K
}
Event: 12.835 GC heap before
{Heap before GC invocations=15 (full 3):
 PSYoungGen      total 254464K, used 12365K [0x00000000d5f80000, 0x00000000e7680000, 0x0000000100000000)
  eden space 236544K, 0% used [0x00000000d5f80000,0x00000000d5f80000,0x00000000e4680000)
  from space 17920K, 69% used [0x00000000e5880000,0x00000000e64934d8,0x00000000e6a00000)
  to   space 18432K, 0% used [0x00000000e4680000,0x00000000e4680000,0x00000000e5880000)
 ParOldGen       total 91136K, used 17520K [0x0000000081e00000, 0x0000000087700000, 0x00000000d5f80000)
  object space 91136K, 19% used [0x0000000081e00000,0x0000000082f1c3b0,0x0000000087700000)
 Metaspace       used 56118K, capacity 59052K, committed 59096K, reserved 1099776K
  class space    used 7754K, capacity 8302K, committed 8320K, reserved 1048576K
Event: 13.098 GC heap after
Heap after GC invocations=15 (full 3):
 PSYoungGen      total 254464K, used 0K [0x00000000d5f80000, 0x00000000e7680000, 0x0000000100000000)
  eden space 236544K, 0% used [0x00000000d5f80000,0x00000000d5f80000,0x00000000e4680000)
  from space 17920K, 0% used [0x00000000e5880000,0x00000000e5880000,0x00000000e6a00000)
  to   space 18432K, 0% used [0x00000000e4680000,0x00000000e4680000,0x00000000e5880000)
 ParOldGen       total 130560K, used 24658K [0x0000000081e00000, 0x0000000089d80000, 0x00000000d5f80000)
  object space 130560K, 18% used [0x0000000081e00000,0x0000000083614910,0x0000000089d80000)
 Metaspace       used 56118K, capacity 59052K, committed 59096K, reserved 1099776K
  class space    used 7754K, capacity 8302K, committed 8320K, reserved 1048576K
}

Deoptimization events (0 events):
No events

Classes redefined (2 events):
Event: 73.060 Thread 0x0000000017f87000 redefined class name=it.course.myblogc3.controller.AdvisoryController, count=1
Event: 156.484 Thread 0x0000000017f87000 redefined class name=it.course.myblogc3.controller.AdvisoryController, count=2

Internal exceptions (10 events):
Event: 14.543 Thread 0x00000000031f8000 Exception <a 'java/lang/ArrayIndexOutOfBoundsException'> (0x00000000de911d88) thrown at [C:\re\workspace\8-2-build-windows-amd64-cygwin\jdk8u191\11896\hotspot\src\share\vm\runtime\sharedRuntime.cpp, line 605]
Event: 14.543 Thread 0x00000000031f8000 Exception <a 'java/lang/ArrayIndexOutOfBoundsException'> (0x00000000de914278) thrown at [C:\re\workspace\8-2-build-windows-amd64-cygwin\jdk8u191\11896\hotspot\src\share\vm\runtime\sharedRuntime.cpp, line 605]
Event: 14.545 Thread 0x00000000031f8000 Exception <a 'java/lang/ArrayIndexOutOfBoundsException'> (0x00000000de92b5b0) thrown at [C:\re\workspace\8-2-build-windows-amd64-cygwin\jdk8u191\11896\hotspot\src\share\vm\runtime\sharedRuntime.cpp, line 605]
Event: 18.650 Thread 0x000000001f50f000 Exception <a 'java/lang/ArrayIndexOutOfBoundsException'> (0x00000000e0c04478) thrown at [C:\re\workspace\8-2-build-windows-amd64-cygwin\jdk8u191\11896\hotspot\src\share\vm\runtime\sharedRuntime.cpp, line 605]
Event: 18.795 Thread 0x000000001f50f000 Exception <a 'java/lang/NoSuchMethodError': java.lang.Object.lambda$static$0(Lorg/hibernate/type/EntityType;Ljava/lang/Object;Lorg/hibernate/engine/spi/SharedSessionContractImplementor;Ljava/lang/Object;Ljava/lang/Boolean;)Ljava/lang/Object;> (0x00000000e
Event: 18.845 Thread 0x000000001f50f000 Exception <a 'java/lang/ArrayIndexOutOfBoundsException'> (0x00000000e1970598) thrown at [C:\re\workspace\8-2-build-windows-amd64-cygwin\jdk8u191\11896\hotspot\src\share\vm\runtime\sharedRuntime.cpp, line 605]
Event: 18.891 Thread 0x000000001f50f000 Exception <a 'java/lang/ArrayIndexOutOfBoundsException'> (0x00000000e1d765b0) thrown at [C:\re\workspace\8-2-build-windows-amd64-cygwin\jdk8u191\11896\hotspot\src\share\vm\runtime\sharedRuntime.cpp, line 605]
Event: 32.313 Thread 0x000000001f50f000 Exception <a 'java/lang/ArrayIndexOutOfBoundsException'> (0x00000000e231fe40) thrown at [C:\re\workspace\8-2-build-windows-amd64-cygwin\jdk8u191\11896\hotspot\src\share\vm\runtime\sharedRuntime.cpp, line 605]
Event: 60.511 Thread 0x000000001f50f000 Exception <a 'java/lang/NoSuchMethodError': java.lang.Object.lambda$mapIfAllPresent$6(Ljava/util/Optional;Ljava/util/function/BiFunction;Ljava/lang/Object;)Ljava/util/Optional;> (0x00000000e24e9850) thrown at [C:\re\workspace\8-2-build-windows-amd64-cygwi
Event: 60.512 Thread 0x000000001f50f000 Exception <a 'java/lang/NoSuchMethodError': java.lang.Object.lambda$null$5(Ljava/util/function/BiFunction;Ljava/lang/Object;Ljava/lang/Object;)Ljava/lang/Object;> (0x00000000e24ee6c8) thrown at [C:\re\workspace\8-2-build-windows-amd64-cygwin\jdk8u191\1189

Events (10 events):
Event: 157.132 Executing VM operation: GetOwnedMonitorInfo done
Event: 157.133 Executing VM operation: GetCurrentContendedMonitor
Event: 157.133 Executing VM operation: GetCurrentContendedMonitor done
Event: 157.134 Executing VM operation: GetCurrentContendedMonitor
Event: 157.134 Executing VM operation: GetCurrentContendedMonitor done
Event: 157.134 Executing VM operation: GetOwnedMonitorInfo
Event: 157.135 Executing VM operation: GetOwnedMonitorInfo done
Event: 157.249 Thread 0x000000001a01d800 flushing nmethod 0x00000000036243d0
Event: 157.249 Thread 0x000000001a01d800 flushing nmethod 0x0000000003625f10
Event: 157.309 Executing VM operation: GetOrSetLocal


Dynamic libraries:
0x00007ff7e99e0000 - 0x00007ff7e9a17000 	C:\Program Files\Java\jdk1.8.0_191\bin\javaw.exe
0x00007ffeaa530000 - 0x00007ffeaa71d000 	C:\WINDOWS\SYSTEM32\ntdll.dll
0x00007ffeaa080000 - 0x00007ffeaa133000 	C:\WINDOWS\System32\KERNEL32.DLL
0x00007ffea6600000 - 0x00007ffea6895000 	C:\WINDOWS\System32\KERNELBASE.dll
0x00007ffeaa320000 - 0x00007ffeaa3c3000 	C:\WINDOWS\System32\ADVAPI32.dll
0x00007ffea7900000 - 0x00007ffea799e000 	C:\WINDOWS\System32\msvcrt.dll
0x00007ffeaa280000 - 0x00007ffeaa31e000 	C:\WINDOWS\System32\sechost.dll
0x00007ffeaa3d0000 - 0x00007ffeaa4f2000 	C:\WINDOWS\System32\RPCRT4.dll
0x00007ffea9c80000 - 0x00007ffea9e17000 	C:\WINDOWS\System32\USER32.dll
0x00007ffea65e0000 - 0x00007ffea6600000 	C:\WINDOWS\System32\win32u.dll
0x00007ffea7770000 - 0x00007ffea7799000 	C:\WINDOWS\System32\GDI32.dll
0x00007ffea7550000 - 0x00007ffea76ec000 	C:\WINDOWS\System32\gdi32full.dll
0x00007ffea7490000 - 0x00007ffea7530000 	C:\WINDOWS\System32\msvcp_win.dll
0x00007ffea7390000 - 0x00007ffea748a000 	C:\WINDOWS\System32\ucrtbase.dll
0x00007ffe95110000 - 0x00007ffe95389000 	C:\WINDOWS\WinSxS\amd64_microsoft.windows.common-controls_6595b64144ccf1df_6.0.17763.1518_none_de6e2bd0534e2567\COMCTL32.dll
0x00007ffea7c20000 - 0x00007ffea7f4d000 	C:\WINDOWS\System32\combase.dll
0x00007ffea7130000 - 0x00007ffea71ae000 	C:\WINDOWS\System32\bcryptPrimitives.dll
0x00007ffeaa250000 - 0x00007ffeaa27e000 	C:\WINDOWS\System32\IMM32.DLL
0x000000006ece0000 - 0x000000006edb2000 	C:\Program Files\Java\jdk1.8.0_191\jre\bin\msvcr100.dll
0x000000006e430000 - 0x000000006ecd4000 	C:\Program Files\Java\jdk1.8.0_191\jre\bin\server\jvm.dll
0x00007ffea9bf0000 - 0x00007ffea9bf8000 	C:\WINDOWS\System32\PSAPI.DLL
0x00007ffea13d0000 - 0x00007ffea13f4000 	C:\WINDOWS\SYSTEM32\WINMM.dll
0x00007ffe8fd70000 - 0x00007ffe8fd7a000 	C:\WINDOWS\SYSTEM32\VERSION.dll
0x00007ffea22c0000 - 0x00007ffea22c9000 	C:\WINDOWS\SYSTEM32\WSOCK32.dll
0x00007ffea80c0000 - 0x00007ffea812d000 	C:\WINDOWS\System32\WS2_32.dll
0x00007ffea13a0000 - 0x00007ffea13cd000 	C:\WINDOWS\SYSTEM32\WINMMBASE.dll
0x00007ffea70e0000 - 0x00007ffea712a000 	C:\WINDOWS\System32\cfgmgr32.dll
0x000000006e420000 - 0x000000006e42f000 	C:\Program Files\Java\jdk1.8.0_191\jre\bin\verify.dll
0x000000006e3f0000 - 0x000000006e419000 	C:\Program Files\Java\jdk1.8.0_191\jre\bin\java.dll
0x000000006e3b0000 - 0x000000006e3e5000 	C:\Program Files\Java\jdk1.8.0_191\jre\bin\jdwp.dll
0x000000006e3a0000 - 0x000000006e3a8000 	C:\Program Files\Java\jdk1.8.0_191\jre\bin\npt.dll
0x000000006e370000 - 0x000000006e393000 	C:\Program Files\Java\jdk1.8.0_191\jre\bin\instrument.dll
0x000000006e350000 - 0x000000006e366000 	C:\Program Files\Java\jdk1.8.0_191\jre\bin\zip.dll
0x00007ffea8270000 - 0x00007ffea9769000 	C:\WINDOWS\System32\SHELL32.dll
0x00007ffeaa140000 - 0x00007ffeaa1e8000 	C:\WINDOWS\System32\shcore.dll
0x00007ffea6980000 - 0x00007ffea70d2000 	C:\WINDOWS\System32\windows.storage.dll
0x00007ffea6570000 - 0x00007ffea6594000 	C:\WINDOWS\System32\profapi.dll
0x00007ffea6510000 - 0x00007ffea656d000 	C:\WINDOWS\System32\powrprof.dll
0x00007ffea8060000 - 0x00007ffea80b2000 	C:\WINDOWS\System32\shlwapi.dll
0x00007ffea65c0000 - 0x00007ffea65d1000 	C:\WINDOWS\System32\kernel.appcore.dll
0x00007ffea7530000 - 0x00007ffea7547000 	C:\WINDOWS\System32\cryptsp.dll
0x000000006e340000 - 0x000000006e349000 	C:\Program Files\Java\jdk1.8.0_191\jre\bin\dt_socket.dll
0x00007ffe8c810000 - 0x00007ffe8c826000 	C:\WINDOWS\system32\napinsp.dll
0x00007ffe8c7f0000 - 0x00007ffe8c80a000 	C:\WINDOWS\system32\pnrpnsp.dll
0x00007ffea5d80000 - 0x00007ffea5de7000 	C:\WINDOWS\System32\mswsock.dll
0x00007ffea5ae0000 - 0x00007ffea5ba7000 	C:\WINDOWS\SYSTEM32\DNSAPI.dll
0x00007ffeaa070000 - 0x00007ffeaa078000 	C:\WINDOWS\System32\NSI.dll
0x00007ffea5aa0000 - 0x00007ffea5add000 	C:\WINDOWS\SYSTEM32\IPHLPAPI.DLL
0x00007ffe90e70000 - 0x00007ffe90e7e000 	C:\WINDOWS\System32\winrnr.dll
0x00007ffea2190000 - 0x00007ffea21ab000 	C:\WINDOWS\system32\NLAapi.dll
0x00007ffe9edb0000 - 0x00007ffe9edc5000 	C:\WINDOWS\system32\wshbth.dll
0x00007ffe97220000 - 0x00007ffe97299000 	C:\WINDOWS\System32\fwpuclnt.dll
0x00007ffea68a0000 - 0x00007ffea68c6000 	C:\WINDOWS\System32\bcrypt.dll
0x00007ffe942a0000 - 0x00007ffe942aa000 	C:\Windows\System32\rasadhlp.dll
0x000000006df40000 - 0x000000006df4d000 	C:\Program Files\Java\jdk1.8.0_191\jre\bin\management.dll
0x000000006df20000 - 0x000000006df3a000 	C:\Program Files\Java\jdk1.8.0_191\jre\bin\net.dll
0x000000006df00000 - 0x000000006df11000 	C:\Program Files\Java\jdk1.8.0_191\jre\bin\nio.dll
0x00007ffea56a0000 - 0x00007ffea56d3000 	C:\WINDOWS\system32\rsaenh.dll
0x00007ffea6440000 - 0x00007ffea6469000 	C:\WINDOWS\SYSTEM32\USERENV.dll
0x00007ffea5f50000 - 0x00007ffea5f5c000 	C:\WINDOWS\SYSTEM32\CRYPTBASE.dll
0x00007ffe9ab60000 - 0x00007ffe9ab76000 	C:\WINDOWS\SYSTEM32\dhcpcsvc6.DLL
0x00007ffe9a9b0000 - 0x00007ffe9a9cc000 	C:\WINDOWS\SYSTEM32\dhcpcsvc.DLL
0x000000006ded0000 - 0x000000006def4000 	C:\Program Files\Java\jdk1.8.0_191\jre\bin\sunec.dll
0x000000006dec0000 - 0x000000006decb000 	C:\Program Files\Java\jdk1.8.0_191\jre\bin\sunmscapi.dll
0x00007ffea71b0000 - 0x00007ffea738c000 	C:\WINDOWS\System32\CRYPT32.dll
0x00007ffea65a0000 - 0x00007ffea65b2000 	C:\WINDOWS\System32\MSASN1.dll
0x00007ffea3c40000 - 0x00007ffea3e2d000 	C:\WINDOWS\SYSTEM32\dbghelp.dll

VM Arguments:
jvm_args: -agentlib:jdwp=transport=dt_socket,suspend=y,address=localhost:57734 -Dcom.sun.management.jmxremote -Dcom.sun.management.jmxremote.port=57733 -Dcom.sun.management.jmxremote.authenticate=false -Dcom.sun.management.jmxremote.ssl=false -Djava.rmi.server.hostname=localhost -Dspring.jmx.enabled=true -Dspring.application.admin.enabled=true -Xverify:none -XX:TieredStopAtLevel=1 -Dspring.boot.project.name=myblogc3 -javaagent:C:\Users\AlessandroCapodanno\Downloads\sts-4.8.0.RELEASE\configuration\org.eclipse.osgi\262\0\.cp\lib\javaagent-shaded.jar -Dfile.encoding=UTF-8 
java_command: it.course.myblogc3.Myblogc3Application --spring.output.ansi.enabled=always
java_class_path (initial): C:\Users\AlessandroCapodanno\eclipse-workspace\myblogc3\target\classes;C:\Users\AlessandroCapodanno\.m2\repository\org\springframework\boot\spring-boot-starter-data-jpa\2.3.4.RELEASE\spring-boot-starter-data-jpa-2.3.4.RELEASE.jar;C:\Users\AlessandroCapodanno\.m2\repository\org\springframework\boot\spring-boot-starter-aop\2.3.4.RELEASE\spring-boot-starter-aop-2.3.4.RELEASE.jar;C:\Users\AlessandroCapodanno\.m2\repository\org\aspectj\aspectjweaver\1.9.6\aspectjweaver-1.9.6.jar;C:\Users\AlessandroCapodanno\.m2\repository\org\springframework\boot\spring-boot-starter-jdbc\2.3.4.RELEASE\spring-boot-starter-jdbc-2.3.4.RELEASE.jar;C:\Users\AlessandroCapodanno\.m2\repository\com\zaxxer\HikariCP\3.4.5\HikariCP-3.4.5.jar;C:\Users\AlessandroCapodanno\.m2\repository\org\springframework\spring-jdbc\5.2.9.RELEASE\spring-jdbc-5.2.9.RELEASE.jar;C:\Users\AlessandroCapodanno\.m2\repository\jakarta\transaction\jakarta.transaction-api\1.3.3\jakarta.transaction-api-1.3.3.jar;C:\Users\AlessandroCapodanno\.m2\repository\jakarta\persistence\jakarta.persistence-api\2.2.3\jakarta.persistence-api-2.2.3.jar;C:\Users\AlessandroCapodanno\.m2\repository\org\hibernate\hibernate-core\5.4.21.Final\hibernate-core-5.4.21.Final.jar;C:\Users\AlessandroCapodanno\.m2\repository\org\jboss\logging\jboss-logging\3.4.1.Final\jboss-logging-3.4.1.Final.jar;C:\Users\AlessandroCapodanno\.m2\repository\org\javassist\javassist\3.24.0-GA\javassist-3.24.0-GA.jar;C:\Users\AlessandroCapodanno\.m2\repository\net\bytebuddy\byte-buddy\1.10.14\byte-buddy-1.10.14.jar;C:\Users\AlessandroCapodanno\.m2\repository\antlr\antlr\2.7.7\antlr-2.7.7.jar;C:\Users\AlessandroCapodanno\.m2\repository\org\jboss\jandex\2.1.3.Final\jandex-2.1.3.Final.jar;C:\Users\AlessandroCapodanno\.m2\repository\com\fasterxml\classmate\1.5.1\classmate-1.5.1.jar;C:\Users\AlessandroCapodanno\.m2\repository\org\dom4j\dom4j\2.1.3\dom4j-2.1.3.jar;C:\Users\AlessandroCapodanno\.m2\repository\org\hibernate\common\hibernate-commons-annot
Launcher Type: SUN_STANDARD

Environment Variables:
JAVA_HOME=C:\Program Files\Java\jdk1.8.0_191
PATH=C:\Program Files\Java\jdk1.8.0_191\jre\bin;C:/Users/AlessandroCapodanno/Downloads/sts-4.8.0.RELEASE//plugins/org.eclipse.justj.openjdk.hotspot.jre.full.win32.x86_64_14.0.2.v20200815-0932/jre/bin/server;C:/Users/AlessandroCapodanno/Downloads/sts-4.8.0.RELEASE//plugins/org.eclipse.justj.openjdk.hotspot.jre.full.win32.x86_64_14.0.2.v20200815-0932/jre/bin;C:\Program Files (x86)\VMware\VMware Player\bin\;C:\Python38\Scripts\;C:\Python38\;C:\WINDOWS\system32;C:\WINDOWS;C:\WINDOWS\System32\Wbem;C:\WINDOWS\System32\WindowsPowerShell\v1.0\;C:\WINDOWS\System32\OpenSSH\;C:\Program Files\MySQL\MySQL Utilities 1.6\;C:\Program Files\dotnet\;C:\Program Files\nodejs\;C:\ProgramData\chocolatey\bin;C:\Program Files\Git\cmd;C:\Program Files\Gource\cmd;C:\Program Files (x86)\Yarn\bin\;C:\Users\AlessandroCapodanno\AppData\Local\Programs\Python\Python37\Scripts\;C:\Users\AlessandroCapodanno\AppData\Local\Programs\Python\Python37\;C:\Users\AlessandroCapodanno\AppData\Local\Microsoft\WindowsApps;C:\Users\AlessandroCapodanno\AppData\Local\atom\bin;C:\xampp\php;C:\Users\AlessandroCapodanno\AppData\Roaming\npm;C:\Users\AlessandroCapodanno\AppData\Local\GitHubDesktop\bin;C:\Exercism;C:\Users\AlessandroCapodanno\AppData\Local\Programs\Microsoft VS Code\bin;C:\Users\AlessandroCapodanno\.dotnet\tools;C:\apache-maven-3.6.3\bin;C:\Users\AlessandroCapodanno\AppData\Local\Yarn\bin;C:\Program Files\Java\jdk1.8.0_191\bin;;C:\Users\AlessandroCapodanno\Downloads\sts-4.8.0.RELEASE;
USERNAME=A.CAPODANNO5
OS=Windows_NT
PROCESSOR_IDENTIFIER=Intel64 Family 6 Model 69 Stepping 1, GenuineIntel



---------------  S Y S T E M  ---------------

OS: Windows 10.0 , 64 bit Build 17763 (10.0.17763.475)

CPU:total 4 (initial active 4) (2 cores per cpu, 2 threads per core) family 6 model 69 stepping 1, cmov, cx8, fxsr, mmx, sse, sse2, sse3, ssse3, sse4.1, sse4.2, popcnt, avx, avx2, aes, clmul, erms, lzcnt, ht, tsc, tscinvbit, bmi1, bmi2

Memory: 4k page, physical 8264284k(1076888k free), swap 16528568k(3126064k free)

vm_info: Java HotSpot(TM) 64-Bit Server VM (25.191-b12) for windows-amd64 JRE (1.8.0_191-b12), built on Oct  6 2018 09:29:03 by "java_re" with MS VC++ 10.0 (VS2010)

time: Tue Nov 03 15:16:31 2020
elapsed time: 157 seconds (0d 0h 2m 37s)

